Performing C SOURCE FILE Test CMAKE_HAVE_LIBC_PTHREAD failed with the following output:
Change Dir: /home/danil/vscode/cpp_projects/Cpp_course/homeworks/hw_1/project/build/CMakeFiles/CMakeTmp

Run Build Command(s):/usr/bin/make cmTC_1fc2e/fast && /usr/bin/make -f CMakeFiles/cmTC_1fc2e.dir/build.make CMakeFiles/cmTC_1fc2e.dir/build
make[1]: Entering directory '/home/danil/vscode/cpp_projects/Cpp_course/homeworks/hw_1/project/build/CMakeFiles/CMakeTmp'
Building C object CMakeFiles/cmTC_1fc2e.dir/src.c.o
/usr/bin/cc   -DCMAKE_HAVE_LIBC_PTHREAD   -o CMakeFiles/cmTC_1fc2e.dir/src.c.o   -c /home/danil/vscode/cpp_projects/Cpp_course/homeworks/hw_1/project/build/CMakeFiles/CMakeTmp/src.c
Linking C executable cmTC_1fc2e
/usr/bin/cmake -E cmake_link_script CMakeFiles/cmTC_1fc2e.dir/link.txt --verbose=1
/usr/bin/cc  -DCMAKE_HAVE_LIBC_PTHREAD   -coverage -lgcov -coverage -lgcov  CMakeFiles/cmTC_1fc2e.dir/src.c.o  -o cmTC_1fc2e 
/usr/bin/ld: CMakeFiles/cmTC_1fc2e.dir/src.c.o: in function `main':
src.c:(.text+0x46): undefined reference to `pthread_create'
/usr/bin/ld: src.c:(.text+0x52): undefined reference to `pthread_detach'
/usr/bin/ld: src.c:(.text+0x63): undefined reference to `pthread_join'
collect2: error: ld returned 1 exit status
make[1]: *** [CMakeFiles/cmTC_1fc2e.dir/build.make:87: cmTC_1fc2e] Error 1
make[1]: Leaving directory '/home/danil/vscode/cpp_projects/Cpp_course/homeworks/hw_1/project/build/CMakeFiles/CMakeTmp'
make: *** [Makefile:121: cmTC_1fc2e/fast] Error 2


Source file was:
#include <pthread.h>

void* test_func(void* data)
{
  return data;
}

int main(void)
{
  pthread_t thread;
  pthread_create(&thread, NULL, test_func, NULL);
  pthread_detach(thread);
  pthread_join(thread, NULL);
  pthread_atfork(NULL, NULL, NULL);
  pthread_exit(NULL);

  return 0;
}

Determining if the function pthread_create exists in the pthreads failed with the following output:
Change Dir: /home/danil/vscode/cpp_projects/Cpp_course/homeworks/hw_1/project/build/CMakeFiles/CMakeTmp

Run Build Command(s):/usr/bin/make cmTC_7fedf/fast && /usr/bin/make -f CMakeFiles/cmTC_7fedf.dir/build.make CMakeFiles/cmTC_7fedf.dir/build
make[1]: Entering directory '/home/danil/vscode/cpp_projects/Cpp_course/homeworks/hw_1/project/build/CMakeFiles/CMakeTmp'
Building C object CMakeFiles/cmTC_7fedf.dir/CheckFunctionExists.c.o
/usr/bin/cc   -DCHECK_FUNCTION_EXISTS=pthread_create   -o CMakeFiles/cmTC_7fedf.dir/CheckFunctionExists.c.o   -c /usr/share/cmake-3.16/Modules/CheckFunctionExists.c
Linking C executable cmTC_7fedf
/usr/bin/cmake -E cmake_link_script CMakeFiles/cmTC_7fedf.dir/link.txt --verbose=1
/usr/bin/cc  -DCHECK_FUNCTION_EXISTS=pthread_create   -coverage -lgcov -coverage -lgcov  CMakeFiles/cmTC_7fedf.dir/CheckFunctionExists.c.o  -o cmTC_7fedf  -lpthreads 
/usr/bin/ld: cannot find -lpthreads
collect2: error: ld returned 1 exit status
make[1]: *** [CMakeFiles/cmTC_7fedf.dir/build.make:87: cmTC_7fedf] Error 1
make[1]: Leaving directory '/home/danil/vscode/cpp_projects/Cpp_course/homeworks/hw_1/project/build/CMakeFiles/CMakeTmp'
make: *** [Makefile:121: cmTC_7fedf/fast] Error 2



